  Moc'ing datasender.h...
  moc_datasender.cpp
  datasender.cpp
datasender.cpp(16): warning C4129: “.”: 不可识别的字符转义序列
datasender.cpp(17): warning C4129: “.”: 不可识别的字符转义序列
datasender.cpp(18): warning C4129: “.”: 不可识别的字符转义序列
datasender.cpp(19): warning C4129: “.”: 不可识别的字符转义序列
datasender.cpp(167): warning C4129: “.”: 不可识别的字符转义序列
datasender.cpp(692): warning C4129: “.”: 不可识别的字符转义序列
datasender.cpp(693): warning C4129: “.”: 不可识别的字符转义序列
datasender.cpp(694): warning C4129: “.”: 不可识别的字符转义序列
datasender.cpp(695): warning C4129: “.”: 不可识别的字符转义序列
datasender.cpp(921): warning C4129: “.”: 不可识别的字符转义序列
datasender.cpp(922): warning C4129: “.”: 不可识别的字符转义序列
datasender.cpp(923): warning C4129: “.”: 不可识别的字符转义序列
  main.cpp
  正在生成代码...
d:\program\visual studio\datasender\datasender_final\datasender\datasender\datasender.cpp(297): warning C4715: “dataSender::ThreadProc”: 不是所有的控件路径都返回值
  dataSender.vcxproj -> D:\program\Visual Studio\dataSender\dataSender_Final\dataSender\x64\Debug\dataSender.exe
  dataSender.vcxproj -> D:\program\Visual Studio\dataSender\dataSender_Final\dataSender\x64\Debug\dataSender.pdb (Full PDB)
